{"/Users/jing/shared space/gworkspace/github/utility-node-log/lib/constants.js":{"path":"/Users/jing/shared space/gworkspace/github/utility-node-log/lib/constants.js","s":{"1":1,"2":1,"3":1,"4":1,"5":1,"6":1,"7":1,"8":1,"9":1,"10":1,"11":1,"12":1,"13":7,"14":1,"15":9,"16":0,"17":9,"18":9,"19":9,"20":9,"21":63,"22":63,"23":54,"24":54,"25":63,"26":63,"27":9,"28":1,"29":7,"30":1,"31":1,"32":7,"33":1,"34":1,"35":1,"36":1,"37":1,"38":1,"39":1},"b":{"1":[0,1],"2":[1,1],"3":[9,0],"4":[54,9],"5":[54,42,15],"6":[1,0],"7":[7,1,1]},"f":{"1":1,"2":9,"3":7},"fnMap":{"1":{"name":"_interopRequireDefault","line":15,"loc":{"start":{"line":0,"column":0},"end":{"line":0,"column":0},"skip":true},"skip":true},"2":{"name":"genLogLevel","line":81,"loc":{"start":{"line":70,"column":7},"end":{"line":70,"column":43}}},"3":{"name":"_genericEnableStatus","line":132,"loc":{"start":{"line":121,"column":0},"end":{"line":121,"column":44}}}},"statementMap":{"1":{"start":{"line":0,"column":0},"end":{"line":0,"column":0},"skip":true},"2":{"start":{"line":0,"column":0},"end":{"line":0,"column":0},"skip":true},"3":{"start":{"line":0,"column":0},"end":{"line":0,"column":0},"skip":true},"4":{"start":{"line":6,"column":0},"end":{"line":6,"column":0}},"5":{"start":{"line":0,"column":0},"end":{"line":0,"column":0},"skip":true},"6":{"start":{"line":7,"column":0},"end":{"line":7,"column":0}},"7":{"start":{"line":0,"column":0},"end":{"line":0,"column":0},"skip":true},"8":{"start":{"line":0,"column":0},"end":{"line":0,"column":0},"skip":true},"9":{"start":{"line":14,"column":7},"end":{"line":14,"column":7}},"10":{"start":{"line":23,"column":0},"end":{"line":23,"column":0}},"11":{"start":{"line":0,"column":0},"end":{"line":0,"column":0},"skip":true},"12":{"start":{"line":47,"column":0},"end":{"line":47,"column":0}},"13":{"start":{"line":47,"column":50},"end":{"line":47,"column":25}},"14":{"start":{"line":70,"column":7},"end":{"line":99,"column":1}},"15":{"start":{"line":72,"column":2},"end":{"line":72,"column":2}},"16":{"start":{"line":72,"column":18},"end":{"line":72,"column":2}},"17":{"start":{"line":73,"column":2},"end":{"line":73,"column":2}},"18":{"start":{"line":75,"column":2},"end":{"line":77,"column":3}},"19":{"start":{"line":76,"column":4},"end":{"line":76,"column":4}},"20":{"start":{"line":79,"column":2},"end":{"line":79,"column":2}},"21":{"start":{"line":80,"column":4},"end":{"line":80,"column":4}},"22":{"start":{"line":82,"column":4},"end":{"line":88,"column":5}},"23":{"start":{"line":86,"column":6},"end":{"line":86,"column":6}},"24":{"start":{"line":87,"column":6},"end":{"line":87,"column":6}},"25":{"start":{"line":90,"column":4},"end":{"line":90,"column":4}},"26":{"start":{"line":92,"column":4},"end":{"line":92,"column":4}},"27":{"start":{"line":98,"column":2},"end":{"line":98,"column":2}},"28":{"start":{"line":101,"column":7},"end":{"line":101,"column":7}},"29":{"start":{"line":101,"column":55},"end":{"line":101,"column":32}},"30":{"start":{"line":112,"column":7},"end":{"line":112,"column":7}},"31":{"start":{"line":121,"column":0},"end":{"line":126,"column":1}},"32":{"start":{"line":125,"column":2},"end":{"line":125,"column":2}},"33":{"start":{"line":137,"column":7},"end":{"line":137,"column":7}},"34":{"start":{"line":153,"column":7},"end":{"line":153,"column":7}},"35":{"start":{"line":171,"column":7},"end":{"line":171,"column":7}},"36":{"start":{"line":190,"column":7},"end":{"line":190,"column":7}},"37":{"start":{"line":210,"column":7},"end":{"line":210,"column":7}},"38":{"start":{"line":231,"column":7},"end":{"line":231,"column":7}},"39":{"start":{"line":251,"column":7},"end":{"line":251,"column":7}}},"branchMap":{"1":{"line":15,"type":"cond-expr","locations":[{"start":{"line":0,"column":0},"end":{"line":0,"column":0},"skip":true},{"start":{"line":0,"column":0},"end":{"line":0,"column":0},"skip":true}]},"2":{"line":15,"type":"binary-expr","locations":[{"start":{"line":0,"column":0},"end":{"line":0,"column":0},"skip":true},{"start":{"line":0,"column":0},"end":{"line":0,"column":0},"skip":true}]},"3":{"line":86,"type":"if","locations":[{"start":{"line":75,"column":2},"end":{"line":75,"column":2}},{"start":{"line":75,"column":2},"end":{"line":75,"column":2}}]},"4":{"line":93,"type":"if","locations":[{"start":{"line":82,"column":4},"end":{"line":82,"column":4}},{"start":{"line":82,"column":4},"end":{"line":82,"column":4}}]},"5":{"line":97,"type":"binary-expr","locations":[{"start":{"line":86,"column":12},"end":{"line":86,"column":12}},{"start":{"line":86,"column":46},"end":{"line":86,"column":46}},{"start":{"line":86,"column":67},"end":{"line":86,"column":12}}]},"6":{"line":123,"type":"binary-expr","locations":[{"start":{"line":112,"column":28},"end":{"line":112,"column":28}},{"start":{"line":112,"column":65},"end":{"line":112,"column":7}}]},"7":{"line":136,"type":"binary-expr","locations":[{"start":{"line":125,"column":9},"end":{"line":125,"column":9}},{"start":{"line":125,"column":38},"end":{"line":125,"column":9}},{"start":{"line":125,"column":70},"end":{"line":125,"column":2}}]}}},"/Users/jing/shared space/gworkspace/github/utility-node-log/index.js":{"path":"/Users/jing/shared space/gworkspace/github/utility-node-log/index.js","s":{"1":1,"2":1,"3":1,"4":1,"5":0,"6":1,"7":46},"b":{"1":[0,1]},"f":{"1":1,"2":46},"fnMap":{"1":{"name":"(anonymous_1)","line":9,"loc":{"start":{"line":2,"column":0},"end":{"line":2,"column":0}}},"2":{"name":"(anonymous_2)","line":13,"loc":{"start":{"line":2,"column":0},"end":{"line":2,"column":0}}}},"statementMap":{"1":{"start":{"line":0,"column":0},"end":{"line":0,"column":0},"skip":true},"2":{"start":{"line":0,"column":0},"end":{"line":0,"column":0},"skip":true},"3":{"start":{"line":2,"column":0},"end":{"line":2,"column":0}},"4":{"start":{"line":2,"column":0},"end":{"line":2,"column":0}},"5":{"start":{"line":2,"column":0},"end":{"line":2,"column":0}},"6":{"start":{"line":2,"column":0},"end":{"line":2,"column":0}},"7":{"start":{"line":2,"column":0},"end":{"line":2,"column":0}}},"branchMap":{"1":{"line":10,"type":"if","locations":[{"start":{"line":2,"column":0},"end":{"line":2,"column":0}},{"start":{"line":2,"column":0},"end":{"line":2,"column":0}}]}}},"/Users/jing/shared space/gworkspace/github/utility-node-log/lib/logger.js":{"path":"/Users/jing/shared space/gworkspace/github/utility-node-log/lib/logger.js","s":{"1":1,"2":1,"3":1,"4":1,"5":1,"6":1,"7":1,"8":1,"9":1,"10":2,"11":1,"12":8,"13":8,"14":0,"15":0,"16":1,"17":1,"18":1,"19":7,"20":1,"21":1,"22":1,"23":22,"24":9,"25":1,"26":8,"27":8,"28":56,"29":22,"30":3,"31":1,"32":2,"33":1,"34":2,"35":3,"36":3,"37":3,"38":3,"39":3,"40":3,"41":3,"42":3,"43":5,"44":5,"45":3,"46":3,"47":1},"b":{"1":[0,2],"2":[2,2],"3":[8,0],"4":[1,0],"5":[1,8],"6":[1,2],"7":[2,2],"8":[3,2],"9":[3,2],"10":[3,2],"11":[3,2],"12":[5,2],"13":[3,1]},"f":{"1":2,"2":8,"3":7,"4":1,"5":22,"6":9,"7":22,"8":3,"9":1,"10":2,"11":3,"12":3,"13":3,"14":3,"15":5,"16":3},"fnMap":{"1":{"name":"_interopRequireDefault","line":20,"loc":{"start":{"line":0,"column":0},"end":{"line":0,"column":0},"skip":true},"skip":true},"2":{"name":"fnFilterByColour","line":35,"loc":{"start":{"line":19,"column":0},"end":{"line":19,"column":32}}},"3":{"name":"(anonymous_3)","line":63,"loc":{"start":{"line":55,"column":2},"end":{"line":55,"column":22}}},"4":{"name":"(anonymous_4)","line":85,"loc":{"start":{"line":77,"column":2},"end":{"line":77,"column":30}}},"5":{"name":"(anonymous_5)","line":105,"loc":{"start":{"line":98,"column":2},"end":{"line":98,"column":18}}},"6":{"name":"(anonymous_6)","line":127,"loc":{"start":{"line":120,"column":2},"end":{"line":120,"column":22}}},"7":{"name":"(anonymous_7)","line":148,"loc":{"start":{"line":142,"column":2},"end":{"line":142,"column":20}}},"8":{"name":"(anonymous_8)","line":162,"loc":{"start":{"line":156,"column":2},"end":{"line":156,"column":24}}},"9":{"name":"(anonymous_9)","line":177,"loc":{"start":{"line":171,"column":2},"end":{"line":171,"column":23}}},"10":{"name":"(anonymous_10)","line":191,"loc":{"start":{"line":185,"column":2},"end":{"line":185,"column":20}}},"11":{"name":"(anonymous_11)","line":207,"loc":{"start":{"line":202,"column":2},"end":{"line":202,"column":18}}},"12":{"name":"(anonymous_12)","line":223,"loc":{"start":{"line":218,"column":2},"end":{"line":218,"column":17}}},"13":{"name":"(anonymous_13)","line":239,"loc":{"start":{"line":234,"column":2},"end":{"line":234,"column":18}}},"14":{"name":"(anonymous_14)","line":255,"loc":{"start":{"line":250,"column":2},"end":{"line":250,"column":19}}},"15":{"name":"(anonymous_15)","line":271,"loc":{"start":{"line":266,"column":2},"end":{"line":266,"column":19}}},"16":{"name":"(anonymous_16)","line":287,"loc":{"start":{"line":282,"column":2},"end":{"line":282,"column":21}}}},"statementMap":{"1":{"start":{"line":0,"column":0},"end":{"line":0,"column":0},"skip":true},"2":{"start":{"line":0,"column":0},"end":{"line":0,"column":0},"skip":true},"3":{"start":{"line":6,"column":0},"end":{"line":6,"column":0}},"4":{"start":{"line":0,"column":0},"end":{"line":0,"column":0},"skip":true},"5":{"start":{"line":7,"column":0},"end":{"line":7,"column":0}},"6":{"start":{"line":0,"column":0},"end":{"line":0,"column":0},"skip":true},"7":{"start":{"line":8,"column":0},"end":{"line":8,"column":0}},"8":{"start":{"line":9,"column":0},"end":{"line":9,"column":0}},"9":{"start":{"line":0,"column":0},"end":{"line":0,"column":0},"skip":true},"10":{"start":{"line":0,"column":0},"end":{"line":0,"column":0},"skip":true},"11":{"start":{"line":19,"column":0},"end":{"line":26,"column":1}},"12":{"start":{"line":21,"column":2},"end":{"line":23,"column":3}},"13":{"start":{"line":22,"column":4},"end":{"line":22,"column":4}},"14":{"start":{"line":25,"column":2},"end":{"line":25,"column":2}},"15":{"start":{"line":25,"column":21},"end":{"line":25,"column":2}},"16":{"start":{"line":28,"column":0},"end":{"line":28,"column":0}},"17":{"start":{"line":38,"column":0},"end":{"line":38,"column":0}},"18":{"start":{"line":39,"column":0},"end":{"line":39,"column":0}},"19":{"start":{"line":56,"column":4},"end":{"line":56,"column":4}},"20":{"start":{"line":79,"column":4},"end":{"line":85,"column":5}},"21":{"start":{"line":82,"column":6},"end":{"line":84,"column":7}},"22":{"start":{"line":83,"column":8},"end":{"line":83,"column":8}},"23":{"start":{"line":99,"column":4},"end":{"line":99,"column":4}},"24":{"start":{"line":123,"column":4},"end":{"line":125,"column":5}},"25":{"start":{"line":124,"column":6},"end":{"line":124,"column":6}},"26":{"start":{"line":127,"column":4},"end":{"line":127,"column":4}},"27":{"start":{"line":129,"column":4},"end":{"line":129,"column":4}},"28":{"start":{"line":129,"column":39},"end":{"line":129,"column":16}},"29":{"start":{"line":143,"column":4},"end":{"line":143,"column":4}},"30":{"start":{"line":159,"column":4},"end":{"line":161,"column":5}},"31":{"start":{"line":160,"column":6},"end":{"line":160,"column":6}},"32":{"start":{"line":163,"column":4},"end":{"line":163,"column":4}},"33":{"start":{"line":172,"column":4},"end":{"line":172,"column":4}},"34":{"start":{"line":187,"column":4},"end":{"line":187,"column":4}},"35":{"start":{"line":205,"column":4},"end":{"line":205,"column":4}},"36":{"start":{"line":207,"column":4},"end":{"line":207,"column":4}},"37":{"start":{"line":221,"column":4},"end":{"line":221,"column":4}},"38":{"start":{"line":223,"column":4},"end":{"line":223,"column":4}},"39":{"start":{"line":237,"column":4},"end":{"line":237,"column":4}},"40":{"start":{"line":239,"column":4},"end":{"line":239,"column":4}},"41":{"start":{"line":253,"column":4},"end":{"line":253,"column":4}},"42":{"start":{"line":255,"column":4},"end":{"line":255,"column":4}},"43":{"start":{"line":269,"column":4},"end":{"line":269,"column":4}},"44":{"start":{"line":271,"column":4},"end":{"line":271,"column":4}},"45":{"start":{"line":285,"column":4},"end":{"line":285,"column":4}},"46":{"start":{"line":287,"column":4},"end":{"line":287,"column":4}},"47":{"start":{"line":291,"column":7},"end":{"line":291,"column":7}}},"branchMap":{"1":{"line":20,"type":"cond-expr","locations":[{"start":{"line":0,"column":0},"end":{"line":0,"column":0},"skip":true},{"start":{"line":0,"column":0},"end":{"line":0,"column":0},"skip":true}]},"2":{"line":20,"type":"binary-expr","locations":[{"start":{"line":0,"column":0},"end":{"line":0,"column":0},"skip":true},{"start":{"line":0,"column":0},"end":{"line":0,"column":0},"skip":true}]},"3":{"line":37,"type":"if","locations":[{"start":{"line":21,"column":2},"end":{"line":21,"column":2}},{"start":{"line":21,"column":2},"end":{"line":21,"column":2}}]},"4":{"line":90,"type":"if","locations":[{"start":{"line":82,"column":6},"end":{"line":82,"column":6}},{"start":{"line":82,"column":6},"end":{"line":82,"column":6}}]},"5":{"line":130,"type":"if","locations":[{"start":{"line":123,"column":4},"end":{"line":123,"column":4}},{"start":{"line":123,"column":4},"end":{"line":123,"column":4}}]},"6":{"line":165,"type":"if","locations":[{"start":{"line":159,"column":4},"end":{"line":159,"column":4}},{"start":{"line":159,"column":4},"end":{"line":159,"column":4}}]},"7":{"line":195,"type":"binary-expr","locations":[{"start":{"line":189,"column":14},"end":{"line":189,"column":14}},{"start":{"line":189,"column":29},"end":{"line":189,"column":29}}]},"8":{"line":212,"type":"binary-expr","locations":[{"start":{"line":207,"column":4},"end":{"line":207,"column":4}},{"start":{"line":207,"column":35},"end":{"line":207,"column":4}}]},"9":{"line":228,"type":"binary-expr","locations":[{"start":{"line":223,"column":4},"end":{"line":223,"column":4}},{"start":{"line":223,"column":34},"end":{"line":223,"column":4}}]},"10":{"line":244,"type":"binary-expr","locations":[{"start":{"line":239,"column":4},"end":{"line":239,"column":4}},{"start":{"line":239,"column":35},"end":{"line":239,"column":4}}]},"11":{"line":260,"type":"binary-expr","locations":[{"start":{"line":255,"column":4},"end":{"line":255,"column":4}},{"start":{"line":255,"column":36},"end":{"line":255,"column":4}}]},"12":{"line":276,"type":"binary-expr","locations":[{"start":{"line":271,"column":4},"end":{"line":271,"column":4}},{"start":{"line":271,"column":36},"end":{"line":271,"column":4}}]},"13":{"line":292,"type":"binary-expr","locations":[{"start":{"line":287,"column":4},"end":{"line":287,"column":4}},{"start":{"line":287,"column":38},"end":{"line":287,"column":4}}]}}}}